Arguments: 
  /home/leonardo.campadelli/.nvm/versions/node/v12.17.0/bin/node /usr/share/yarn/bin/yarn.js run jest

PATH: 
  /home/leonardo.campadelli/.nvm/versions/node/v12.17.0/bin:/usr/local/sbin:/usr/local/bin:/usr/sbin:/usr/bin:/sbin:/bin:/usr/games:/usr/local/games:/snap/bin:/home/leonardo.campadelli/.yarn/bin

Yarn version: 
  1.22.5

Node version: 
  12.17.0

Platform: 
  linux x64

Trace: 
  SyntaxError: /home/leonardo.campadelli/Documentos/Setup test/package.json: Unexpected token / in JSON at position 669
      at JSON.parse (<anonymous>)
      at /usr/share/yarn/lib/cli.js:1625:59
      at Generator.next (<anonymous>)
      at step (/usr/share/yarn/lib/cli.js:310:30)
      at /usr/share/yarn/lib/cli.js:321:13

npm manifest: 
  {
    "name": "server-test",
    "version": "1.0.0",
    "description": "",
    "main": "index.js",
    "dependencies": {
      "apollo-server": "^2.22.1",
      "apollo-server-express": "^2.22.1",
      "body-parser": "^1.19.0",
      "express": "^4.17.1",
      "express-graphql": "^0.12.0",
      "graphql": "^15.5.0",
      "graphql-tools": "^7.0.4",
      "jest": "^26.6.3",
      "moment": "^2.29.1",
      "mongoose": "^5.12.2",
      "mongoose-seed": "^0.6.0",
      "nodemon": "^2.0.7",
      "supertest": "^6.1.3"
    },
    "devDependencies": {},
    "scripts": {
      "test": "jest",
      "start": "nodemon app/app.controller.js localhost 3000"
    },
    "author": "",
    "license": "ISC",
    "jest":{
      // "testMatch": ["<rootDir>/app/__tests__/**/(.*?).main.test.js"]
    }
  }

yarn manifest: 
  No manifest

Lockfile: 
  No lockfile
